<?xml version="1.0" encoding="UTF-8"?>
<robot generator="Robot 6.1 (Python 3.11.2 on win32)" generated="20230904 13:11:14.684" rpa="false" schemaversion="4">
<suite id="s1" name="AutoSignupTestcase" source="C:\Users\KiranKumarBR-Int-215\Desktop\Automation\venv\Framework\TestCycles\RegistrationTestcase\AutoSignupTestcase.robot">
<test id="s1-t1" name="Auto Signup" line="8">
<kw name="open my browser for auto" library="AutoSignupKeywords">
<kw name="Open Browser" library="SeleniumLibrary">
<arg>${SiteUrl}</arg>
<arg>${browser}</arg>
<doc>Opens a new browser instance to the optional ``url``.</doc>
<msg timestamp="20230904 13:11:15.034" level="INFO">Opening browser 'chrome' to base url 'https://automationexercise.com/login'.</msg>
<status status="PASS" starttime="20230904 13:11:15.034" endtime="20230904 13:11:19.721"/>
</kw>
<kw name="Maximize Browser Window" library="SeleniumLibrary">
<doc>Maximizes current browser window.</doc>
<status status="PASS" starttime="20230904 13:11:19.722" endtime="20230904 13:11:19.847"/>
</kw>
<kw name="Set Browser Implicit Wait" library="SeleniumLibrary">
<arg>10</arg>
<doc>Sets the implicit wait value used by Selenium.</doc>
<status status="PASS" starttime="20230904 13:11:19.847" endtime="20230904 13:11:19.850"/>
</kw>
<status status="PASS" starttime="20230904 13:11:15.033" endtime="20230904 13:11:19.851"/>
</kw>
<kw name="Enter name and email" library="AutoSignupKeywords">
<kw name="Input Text" library="SeleniumLibrary">
<arg>${InputNamePath}</arg>
<arg>${InputName}</arg>
<doc>Types the given ``text`` into the text field identified by ``locator``.</doc>
<msg timestamp="20230904 13:11:19.853" level="INFO">Typing text 'kiran' into text field '//input[@name="name"]'.</msg>
<status status="PASS" starttime="20230904 13:11:19.852" endtime="20230904 13:11:20.117"/>
</kw>
<kw name="Input Text" library="SeleniumLibrary">
<arg>${InputEmailPath}</arg>
<arg>${InputEmail}</arg>
<doc>Types the given ``text`` into the text field identified by ``locator``.</doc>
<msg timestamp="20230904 13:11:20.119" level="INFO">Typing text 'kirantheking.2012@gmail.com' into text field '//input[@name="email" and @data-qa="signup-email"]'.</msg>
<status status="PASS" starttime="20230904 13:11:20.118" endtime="20230904 13:11:20.264"/>
</kw>
<status status="PASS" starttime="20230904 13:11:19.851" endtime="20230904 13:11:20.265"/>
</kw>
<kw name="Press Signup button" library="AutoSignupKeywords">
<kw name="Click Button" library="SeleniumLibrary">
<arg>${SignupButton}</arg>
<doc>Clicks the button identified by ``locator``.</doc>
<msg timestamp="20230904 13:11:20.267" level="INFO">Clicking button '//button[@data-qa="signup-button"]'.</msg>
<status status="PASS" starttime="20230904 13:11:20.266" endtime="20230904 13:11:22.289"/>
</kw>
<status status="PASS" starttime="20230904 13:11:20.265" endtime="20230904 13:11:22.290"/>
</kw>
<kw name="Sleep" library="BuiltIn">
<arg>5</arg>
<doc>Pauses the test executed for the given time.</doc>
<msg timestamp="20230904 13:11:27.290" level="INFO">Slept 5 seconds</msg>
<status status="PASS" starttime="20230904 13:11:22.290" endtime="20230904 13:11:27.291"/>
</kw>
<kw name="click radio button" library="AutoSignupKeywords">
<kw name="Click Element" library="SeleniumLibrary">
<arg>${TitleRadioButton}</arg>
<doc>Click the element identified by ``locator``.</doc>
<msg timestamp="20230904 13:11:27.293" level="INFO">Clicking element '//input[@id="id_gender1"]'.</msg>
<msg timestamp="20230904 13:11:27.551" level="WARN">Keyword 'Capture Page Screenshot' could not be run on failure: Message: no such window: target window already closed
from unknown error: web view not found
  (Session info: chrome=116.0.5845.141)
Stacktrace:
	GetHandleVerifier [0x00007FF79BB052A2+57122]
	(No symbol) [0x00007FF79BA7EA92]
	(No symbol) [0x00007FF79B94E3AB]
	(No symbol) [0x00007FF79B92E1B9]
	(No symbol) [0x00007FF79B9AB417]
	(No symbol) [0x00007FF79B9BE24F]
	(No symbol) [0x00007FF79B9A6DB3]
	(No symbol) [0x00007FF79B97D2B1]
	(No symbol) [0x00007FF79B97E494]
	GetHandleVerifier [0x00007FF79BDAEF82+2849794]
	GetHandleVerifier [0x00007FF79BE01D24+3189156]
	GetHandleVerifier [0x00007FF79BDFACAF+3160367]
	GetHandleVerifier [0x00007FF79BB96D06+653702]
	(No symbol) [0x00007FF79BA8A208]
	(No symbol) [0x00007FF79BA862C4]
	(No symbol) [0x00007FF79BA863F6]
	(No symbol) [0x00007FF79BA767A3]
	BaseThreadInitThunk [0x00007FFEFB08257D+29]
	RtlUserThreadStart [0x00007FFEFC52AA68+40]
</msg>
<msg timestamp="20230904 13:11:27.552" level="FAIL">Element with locator '//input[@id="id_gender1"]' not found.</msg>
<status status="FAIL" starttime="20230904 13:11:27.292" endtime="20230904 13:11:27.558"/>
</kw>
<status status="FAIL" starttime="20230904 13:11:27.291" endtime="20230904 13:11:27.558"/>
</kw>
<kw name="Enter Password for auto" library="AutoSignupKeywords">
<status status="NOT RUN" starttime="20230904 13:11:27.559" endtime="20230904 13:11:27.559"/>
</kw>
<kw name="Date" library="AutoSignupKeywords">
<status status="NOT RUN" starttime="20230904 13:11:27.560" endtime="20230904 13:11:27.560"/>
</kw>
<kw name="Address Information" library="AutoSignupKeywords">
<status status="NOT RUN" starttime="20230904 13:11:27.560" endtime="20230904 13:11:27.560"/>
</kw>
<kw name="click Create acc" library="AutoSignupKeywords">
<status status="NOT RUN" starttime="20230904 13:11:27.561" endtime="20230904 13:11:27.561"/>
</kw>
<kw name="Close All Browsers" library="SeleniumLibrary">
<doc>Closes all open browsers and resets the browser cache.</doc>
<status status="NOT RUN" starttime="20230904 13:11:27.561" endtime="20230904 13:11:27.563"/>
</kw>
<status status="FAIL" starttime="20230904 13:11:15.032" endtime="20230904 13:11:27.563">Element with locator '//input[@id="id_gender1"]' not found.</status>
</test>
<status status="FAIL" starttime="20230904 13:11:14.691" endtime="20230904 13:11:27.565"/>
</suite>
<statistics>
<total>
<stat pass="0" fail="1" skip="0">All Tests</stat>
</total>
<tag>
</tag>
<suite>
<stat pass="0" fail="1" skip="0" id="s1" name="AutoSignupTestcase">AutoSignupTestcase</stat>
</suite>
</statistics>
<errors>
<msg timestamp="20230904 13:11:27.551" level="WARN">Keyword 'Capture Page Screenshot' could not be run on failure: Message: no such window: target window already closed
from unknown error: web view not found
  (Session info: chrome=116.0.5845.141)
Stacktrace:
	GetHandleVerifier [0x00007FF79BB052A2+57122]
	(No symbol) [0x00007FF79BA7EA92]
	(No symbol) [0x00007FF79B94E3AB]
	(No symbol) [0x00007FF79B92E1B9]
	(No symbol) [0x00007FF79B9AB417]
	(No symbol) [0x00007FF79B9BE24F]
	(No symbol) [0x00007FF79B9A6DB3]
	(No symbol) [0x00007FF79B97D2B1]
	(No symbol) [0x00007FF79B97E494]
	GetHandleVerifier [0x00007FF79BDAEF82+2849794]
	GetHandleVerifier [0x00007FF79BE01D24+3189156]
	GetHandleVerifier [0x00007FF79BDFACAF+3160367]
	GetHandleVerifier [0x00007FF79BB96D06+653702]
	(No symbol) [0x00007FF79BA8A208]
	(No symbol) [0x00007FF79BA862C4]
	(No symbol) [0x00007FF79BA863F6]
	(No symbol) [0x00007FF79BA767A3]
	BaseThreadInitThunk [0x00007FFEFB08257D+29]
	RtlUserThreadStart [0x00007FFEFC52AA68+40]
</msg>
</errors>
</robot>
