<?xml version="1.0" encoding="UTF-8"?>
<robot generator="Robot 6.1 (Python 3.11.2 on win32)" generated="20230903 23:01:17.575" rpa="false" schemaversion="4">
<suite id="s1" name="OrangeLogin" source="C:\Users\KiranKumarBR-Int-215\Desktop\Automation\venv\Framework\TestCycles\OrangeLogin.robot">
<test id="s1-t1" name="LoginTest1" line="7">
<kw name="open my browser" library="OrangeLoginKeywords">
<arg>${OrangeSiteUrl}</arg>
<arg>${browser}</arg>
<kw name="Open Browser" library="SeleniumLibrary">
<arg>${OrangeSiteUrl}</arg>
<arg>${browser}</arg>
<doc>Opens a new browser instance to the optional ``url``.</doc>
<msg timestamp="20230903 23:01:17.922" level="INFO">Opening browser 'chrome' to base url 'https://opensource-demo.orangehrmlive.com/web/index.php/auth/login'.</msg>
<status status="PASS" starttime="20230903 23:01:17.921" endtime="20230903 23:01:22.487"/>
</kw>
<kw name="Maximize Browser Window" library="SeleniumLibrary">
<doc>Maximizes current browser window.</doc>
<status status="PASS" starttime="20230903 23:01:22.489" endtime="20230903 23:01:22.620"/>
</kw>
<status status="PASS" starttime="20230903 23:01:17.920" endtime="20230903 23:01:22.620"/>
</kw>
<kw name="Set Browser Implicit Wait" library="SeleniumLibrary">
<arg>10</arg>
<doc>Sets the implicit wait value used by Selenium.</doc>
<status status="PASS" starttime="20230903 23:01:22.621" endtime="20230903 23:01:22.623"/>
</kw>
<kw name="Set Selenium Speed" library="SeleniumLibrary">
<arg>1</arg>
<doc>Sets the delay that is waited after each Selenium command.</doc>
<status status="PASS" starttime="20230903 23:01:22.624" endtime="20230903 23:01:22.624"/>
</kw>
<kw name="Enter UserName" library="OrangeLoginKeywords">
<arg>${OrangeloginUserName}</arg>
<arg>${Orangeusername}</arg>
<kw name="Input Text" library="SeleniumLibrary">
<arg>${OrangeloginUserName}</arg>
<arg>${Orangeusername}</arg>
<doc>Types the given ``text`` into the text field identified by ``locator``.</doc>
<msg timestamp="20230903 23:01:22.626" level="INFO">Typing text 'Admin' into text field '//input[@name="username"]'.</msg>
<status status="PASS" starttime="20230903 23:01:22.625" endtime="20230903 23:01:26.105"/>
</kw>
<status status="PASS" starttime="20230903 23:01:22.624" endtime="20230903 23:01:26.106"/>
</kw>
<kw name="Enter Password" library="OrangeLoginKeywords">
<arg>${OrangeloginPassword}</arg>
<arg>${OrangeuserPassword}</arg>
<kw name="Input Text" library="SeleniumLibrary">
<arg>${OrangeloginPasword}</arg>
<arg>${Orangepassword}</arg>
<doc>Types the given ``text`` into the text field identified by ``locator``.</doc>
<msg timestamp="20230903 23:01:26.109" level="INFO">Typing text 'admin123' into text field '//input[@name="password"]'.</msg>
<status status="PASS" starttime="20230903 23:01:26.108" endtime="20230903 23:01:29.277"/>
</kw>
<status status="PASS" starttime="20230903 23:01:26.106" endtime="20230903 23:01:29.277"/>
</kw>
<kw name="click signin" library="OrangeLoginKeywords">
<kw name="Click Button" library="SeleniumLibrary">
<arg>${OrangeBtn_signIn}</arg>
<doc>Clicks the button identified by ``locator``.</doc>
<msg timestamp="20230903 23:01:29.281" level="INFO">Clicking button '//button[@type="submit"]'.</msg>
<status status="PASS" starttime="20230903 23:01:29.279" endtime="20230903 23:01:35.850"/>
</kw>
<status status="PASS" starttime="20230903 23:01:29.278" endtime="20230903 23:01:35.851"/>
</kw>
<kw name="Sleep" library="BuiltIn">
<arg>10</arg>
<doc>Pauses the test executed for the given time.</doc>
<msg timestamp="20230903 23:01:45.853" level="INFO">Slept 10 seconds</msg>
<status status="PASS" starttime="20230903 23:01:35.852" endtime="20230903 23:01:45.853"/>
</kw>
<kw name="verify successfull login" library="OrangeLoginKeywords">
<kw name="Title Should Be" library="SeleniumLibrary">
<arg>OrangeHRM</arg>
<doc>Verifies that the current page title equals ``title``.</doc>
<msg timestamp="20230903 23:01:46.864" level="INFO">Page title is 'OrangeHRM'.</msg>
<status status="PASS" starttime="20230903 23:01:45.854" endtime="20230903 23:01:46.865"/>
</kw>
<status status="PASS" starttime="20230903 23:01:45.854" endtime="20230903 23:01:46.865"/>
</kw>
<kw name="close my browser" library="OrangeLoginKeywords">
<kw name="Close All Browsers" library="SeleniumLibrary">
<doc>Closes all open browsers and resets the browser cache.</doc>
<status status="PASS" starttime="20230903 23:01:46.867" endtime="20230903 23:01:49.993"/>
</kw>
<status status="PASS" starttime="20230903 23:01:46.866" endtime="20230903 23:01:49.993"/>
</kw>
<status status="PASS" starttime="20230903 23:01:17.919" endtime="20230903 23:01:49.994"/>
</test>
<status status="PASS" starttime="20230903 23:01:17.578" endtime="20230903 23:01:49.995"/>
</suite>
<statistics>
<total>
<stat pass="1" fail="0" skip="0">All Tests</stat>
</total>
<tag>
</tag>
<suite>
<stat pass="1" fail="0" skip="0" id="s1" name="OrangeLogin">OrangeLogin</stat>
</suite>
</statistics>
<errors>
</errors>
</robot>
