<?xml version="1.0" encoding="UTF-8"?>
<robot generator="Robot 6.1 (Python 3.11.2 on win32)" generated="20230904 13:22:18.506" rpa="false" schemaversion="4">
<suite id="s1" name="AutoLoginTestcase" source="C:\Users\KiranKumarBR-Int-215\Desktop\Automation\venv\Framework\TestCycles\LoginTestcases\AutoLoginTestcase.robot">
<test id="s1-t1" name="auto login" line="8">
<kw name="open browser for auto login" library="AutoLoginKeywords">
<kw name="Open Browser" library="SeleniumLibrary">
<arg>${SiteUrl}</arg>
<arg>${browser}</arg>
<doc>Opens a new browser instance to the optional ``url``.</doc>
<msg timestamp="20230904 13:22:18.787" level="INFO">Opening browser 'chrome' to base url 'https://automationexercise.com/login'.</msg>
<status status="PASS" starttime="20230904 13:22:18.786" endtime="20230904 13:22:23.859"/>
</kw>
<kw name="Maximize Browser Window" library="SeleniumLibrary">
<doc>Maximizes current browser window.</doc>
<status status="PASS" starttime="20230904 13:22:23.860" endtime="20230904 13:22:23.998"/>
</kw>
<kw name="Set Browser Implicit Wait" library="SeleniumLibrary">
<arg>10</arg>
<doc>Sets the implicit wait value used by Selenium.</doc>
<status status="PASS" starttime="20230904 13:22:23.999" endtime="20230904 13:22:24.003"/>
</kw>
<status status="PASS" starttime="20230904 13:22:18.785" endtime="20230904 13:22:24.005"/>
</kw>
<kw name="Enter email and password" library="AutoLoginKeywords">
<kw name="Input Text" library="SeleniumLibrary">
<arg>${emailAddressPath}</arg>
<arg>${InputEmail}</arg>
<doc>Types the given ``text`` into the text field identified by ``locator``.</doc>
<msg timestamp="20230904 13:22:24.007" level="INFO">Typing text 'kirantheking.2012@gmail.com' into text field '//input[@data-qa="login-email"]'.</msg>
<status status="PASS" starttime="20230904 13:22:24.005" endtime="20230904 13:22:24.271"/>
</kw>
<kw name="Input Text" library="SeleniumLibrary">
<arg>${passwordPath}</arg>
<arg>${password}</arg>
<doc>Types the given ``text`` into the text field identified by ``locator``.</doc>
<msg timestamp="20230904 13:22:24.273" level="INFO">Typing text 'Kirantheking.2012@gmail.com' into text field '//input[@data-qa="login-password"]'.</msg>
<status status="PASS" starttime="20230904 13:22:24.272" endtime="20230904 13:22:24.402"/>
</kw>
<status status="PASS" starttime="20230904 13:22:24.005" endtime="20230904 13:22:24.402"/>
</kw>
<kw name="click login" library="AutoLoginKeywords">
<kw name="Click Element" library="SeleniumLibrary">
<arg>${loginButtonPath}</arg>
<doc>Click the element identified by ``locator``.</doc>
<msg timestamp="20230904 13:22:24.404" level="INFO">Clicking element '//button[@data-qa="login-button"]'.</msg>
<status status="PASS" starttime="20230904 13:22:24.403" endtime="20230904 13:22:31.835"/>
</kw>
<status status="PASS" starttime="20230904 13:22:24.403" endtime="20230904 13:22:31.835"/>
</kw>
<status status="PASS" starttime="20230904 13:22:18.784" endtime="20230904 13:22:31.836"/>
</test>
<status status="PASS" starttime="20230904 13:22:18.510" endtime="20230904 13:22:31.837"/>
</suite>
<statistics>
<total>
<stat pass="1" fail="0" skip="0">All Tests</stat>
</total>
<tag>
</tag>
<suite>
<stat pass="1" fail="0" skip="0" id="s1" name="AutoLoginTestcase">AutoLoginTestcase</stat>
</suite>
</statistics>
<errors>
</errors>
</robot>
